app/proguard/seeds.txt
com.hb.qx.GifMovieView
com.hb.qx.GifMovieView: GifMovieView(android.content.Context)
com.hb.qx.GifMovieView: GifMovieView(android.content.Context,android.util.AttributeSet)
com.hb.qx.GifMovieView: GifMovieView(android.content.Context,android.util.AttributeSet,int)
com.hb.qx.GifMovieView: void setMovieResource(int)
com.hb.qx.GifMovieView: void setMovie(android.graphics.Movie)
com.hb.qx.GifMovieView: android.graphics.Movie getMovie()
com.hb.qx.GifMovieView: void setMovieTime(int)
com.hb.qx.GifMovieView: void setPaused(boolean)
com.hb.qx.HbApplication
com.hb.qx.HbApplication: HbApplication()
com.hb.qx.HelpSettingActivity
com.hb.qx.HelpSettingActivity: HelpSettingActivity()
com.hb.qx.HongbaoService
com.hb.qx.HongbaoService: HongbaoService()
com.hb.qx.LockMainActvity
com.hb.qx.LockMainActvity: LockMainActvity()
com.hb.qx.LockService
com.hb.qx.LockService: LockService()
com.hb.qx.MainActivity
com.hb.qx.MainActivity: MainActivity()
com.hb.qx.MoreActivity
com.hb.qx.MoreActivity: MoreActivity()
com.hb.qx.NewADActivity
com.hb.qx.NewADActivity: NewADActivity()
com.hb.qx.QiangHongBaoService
com.hb.qx.R$anim: int umeng_socialize_fade_in
com.hb.qx.R$anim: int umeng_socialize_fade_out
com.hb.qx.R$anim: int umeng_socialize_shareboard_animation_in
com.hb.qx.R$anim: int umeng_socialize_shareboard_animation_out
com.hb.qx.R$anim: int umeng_socialize_slide_in_from_bottom
com.hb.qx.R$anim: int umeng_socialize_slide_out_from_bottom
com.hb.qx.R$array: int cube_photo_pick_options
com.hb.qx.R$attr: int LeftAnimationDuratioin
com.hb.qx.R$attr: int MinDistanceToUnlock
com.hb.qx.R$attr: int MinVelocityXToUnlock
com.hb.qx.R$attr: int RightAnimationDuratioin
com.hb.qx.R$attr: int SlideColor
com.hb.qx.R$attr: int StringToShow
com.hb.qx.R$attr: int TextColor
com.hb.qx.R$attr: int TextSize
com.hb.qx.R$attr: int dot_radius
com.hb.qx.R$attr: int dot_selected_color
com.hb.qx.R$attr: int dot_span
com.hb.qx.R$attr: int dot_unselected_color
com.hb.qx.R$attr: int gif
com.hb.qx.R$attr: int gifMoviewViewStyle
com.hb.qx.R$attr: int more_action_dot_color
com.hb.qx.R$attr: int more_action_dot_radius
com.hb.qx.R$attr: int more_action_dot_span
com.hb.qx.R$attr: int paused
com.hb.qx.R$attr: int scrollheaderframe_conent_container
com.hb.qx.R$attr: int scrollheaderframe_disable
com.hb.qx.R$attr: int scrollheaderframe_footer
com.hb.qx.R$attr: int scrollheaderframe_header
com.hb.qx.R$attr: int slider_banner_indicator
com.hb.qx.R$attr: int slider_banner_pager
com.hb.qx.R$attr: int slider_banner_time_interval
com.hb.qx.R$color: int actionbar_bg
com.hb.qx.R$color: int card_background
com.hb.qx.R$color: int card_shadow
com.hb.qx.R$color: int cube_holo_blue_bright
com.hb.qx.R$color: int cube_holo_blue_dark
com.hb.qx.R$color: int cube_holo_blue_light
com.hb.qx.R$color: int cube_holo_green_dark
com.hb.qx.R$color: int cube_holo_green_light
com.hb.qx.R$color: int cube_holo_orange_dark
com.hb.qx.R$color: int cube_holo_orange_light
com.hb.qx.R$color: int cube_holo_purple
com.hb.qx.R$color: int cube_holo_red_dark
com.hb.qx.R$color: int cube_holo_red_light
com.hb.qx.R$color: int cube_mints_333333
com.hb.qx.R$color: int cube_mints_4d90fe
com.hb.qx.R$color: int cube_mints_666666
com.hb.qx.R$color: int cube_mints_999999
com.hb.qx.R$color: int cube_mints_app_base_background
com.hb.qx.R$color: int cube_mints_base_font_color
com.hb.qx.R$color: int cube_mints_black
com.hb.qx.R$color: int cube_mints_cccccc
com.hb.qx.R$color: int cube_mints_f1f1f1
com.hb.qx.R$color: int cube_mints_main_color
com.hb.qx.R$color: int cube_mints_white
com.hb.qx.R$color: int dialog
com.hb.qx.R$color: int dialog_button
com.hb.qx.R$color: int gradient_slide_text_color
com.hb.qx.R$color: int gradient_text_color
com.hb.qx.R$color: int lite_blue
com.hb.qx.R$color: int statusbar_bg
com.hb.qx.R$color: int umeng_socialize_color_group
com.hb.qx.R$color: int umeng_socialize_comments_bg
com.hb.qx.R$color: int umeng_socialize_divider
com.hb.qx.R$color: int umeng_socialize_edit_bg
...
com.baidu.mobstat.ci
com.baidu.mobstat.ci: com.baidu.mobstat.cg a
com.baidu.mobstat.ci: ci(com.baidu.mobstat.cg)
com.baidu.mobstat.ci: void run()
com.baidu.mobstat.cj
com.baidu.mobstat.cj: com.baidu.mobstat.cg a
com.baidu.mobstat.cj: cj(com.baidu.mobstat.cg)
com.baidu.mobstat.cj: void run()
com.baidu.mobstat.ck
com.baidu.mobstat.ck: com.baidu.mobstat.cg a
com.baidu.mobstat.ck: ck(com.baidu.mobstat.cg)
com.baidu.mobstat.ck: void run()
com.baidu.mobstat.cl
com.baidu.mobstat.cl: java.lang.String a
com.baidu.mobstat.cl: boolean b
com.baidu.mobstat.cl: long c
com.baidu.mobstat.cl: long d
com.baidu.mobstat.cl: cl(java.lang.String)
com.baidu.mobstat.cm
com.baidu.mobstat.cm: long b
com.baidu.mobstat.cm: java.lang.ref.WeakReference c
com.baidu.mobstat.cm: java.lang.ref.WeakReference d
com.baidu.mobstat.cm: java.lang.ref.WeakReference e
com.baidu.mobstat.cm: long f
com.baidu.mobstat.cm: java.lang.ref.WeakReference g
com.baidu.mobstat.cm: java.lang.ref.WeakReference h
com.baidu.mobstat.cm: java.lang.ref.WeakReference i
com.baidu.mobstat.cm: int j
com.baidu.mobstat.cm: java.lang.String k
com.baidu.mobstat.cm: com.baidu.mobstat.cg a
com.baidu.mobstat.cm: cm(com.baidu.mobstat.cg,long,android.content.Context,android.support.v4.app.Fragment,long,android.content.Context,android.support.v4.app.Fragment,int,java.lang.String,java.lang.Object,java.lang.Object)
com.baidu.mobstat.cm: void run()
com.baidu.mobstat.cn
com.baidu.mobstat.cn: long b
com.baidu.mobstat.cn: long c
com.baidu.mobstat.cn: java.lang.ref.WeakReference d
com.baidu.mobstat.cn: java.lang.ref.WeakReference e
com.baidu.mobstat.cn: java.lang.ref.WeakReference f
com.baidu.mobstat.cn: int g
com.baidu.mobstat.cn: com.baidu.mobstat.cg a
com.baidu.mobstat.cn: cn(com.baidu.mobstat.cg,long,long,android.content.Context,android.support.v4.app.Fragment,java.lang.Object,int)
com.baidu.mobstat.cn: void run()
com.baidu.mobstat.co
com.baidu.mobstat.cp
com.baidu.mobstat.cp: byte[] a(byte[],byte[],byte[])
com.baidu.mobstat.cp: byte[] a()
com.baidu.mobstat.cp: byte[] b()
com.baidu.mobstat.cp: java.lang.String a(byte[])
com.baidu.mobstat.cp: java.lang.String b(byte[],byte[],byte[])
com.baidu.mobstat.cq
com.baidu.mobstat.cq: byte[] a(int,byte[])
com.baidu.mobstat.cq: byte[] b(int,byte[])
com.baidu.mobstat.cq: java.lang.String c(int,byte[])
com.baidu.mobstat.cr
com.baidu.mobstat.cr: java.net.Proxy a
com.baidu.mobstat.cr: java.net.Proxy b
com.baidu.mobstat.cr: java.lang.String a()
com.baidu.mobstat.cr: java.io.File a(java.lang.String)
com.baidu.mobstat.cr: void a(android.content.Context,java.lang.String,java.lang.String,boolean)
com.baidu.mobstat.cr: java.lang.String a(android.content.Context,java.lang.String)
com.baidu.mobstat.cr: byte[] b(android.content.Context,java.lang.String)
com.baidu.mobstat.cr: boolean c(android.content.Context,java.lang.String)
com.baidu.mobstat.cr: boolean d(android.content.Context,java.lang.String)
com.baidu.mobstat.cr: boolean b(java.lang.String)
com.baidu.mobstat.cr: void a(java.lang.String,java.lang.String,boolean)
com.baidu.mobstat.cr: java.lang.String c(java.lang.String)
com.baidu.mobstat.cr: boolean a(boolean,android.content.Context,java.lang.String,java.net.HttpURLConnection)
com.baidu.mobstat.cr: java.net.HttpURLConnection e(android.content.Context,java.lang.String)
com.baidu.mobstat.cr: java.net.HttpURLConnection a(android.content.Context,java.lang.String,int,int)
com.baidu.mobstat.cr: boolean f(android.content.Context,java.lang.String)
com.baidu.mobstat.cr: java.lang.String d(java.lang.String)
com.baidu.mobstat.cr: void <clinit>()
com.baidu.mobstat.cs
com.baidu.mobstat.cs: byte[] a
com.baidu.mobstat.cs: byte[] a(byte[])
com.baidu.mobstat.cs: byte[] a(byte[],int)
com.baidu.mobstat.cs: java.lang.String b(byte[])
com.baidu.mobstat.cs: java.lang.String a(byte[],java.lang.String)
com.baidu.mobstat.cs: void <clinit>()
com.baidu.mobstat.ct
com.baidu.mobstat.ct: java.lang.String[] a
com.baidu.mobstat.ct: byte[] a()
com.baidu.mobstat.ct: void <clinit>()