app/proguard/mapping.txt
com.hb.qx.AlertDialogCallBack -> com.hb.qx.a:
    boolean ok() -> a
    boolean no() -> b
com.hb.qx.AlertDialogContainer -> com.hb.qx.b:
    android.content.Context context -> b
    android.widget.TextView okText -> c
    android.widget.TextView noText -> d
    android.widget.TextView updateText -> e
    android.app.AlertDialog ad -> a
    android.widget.FrameLayout frameLayout -> f
    android.widget.TextView titleView -> g
    com.hb.qx.AlertDialogCallBack callBack -> h
    android.widget.LinearLayout linLayout -> i
    android.view.View alertbrView -> j
    android.view.View$OnClickListener okListener -> k
    android.view.View$OnClickListener noListener -> l
    68:69:void setCallBack(com.hb.qx.AlertDialogCallBack) -> a
    72:73:void dismiss() -> a
    76:77:void setOkText(java.lang.String) -> a
    80:81:void setNoText(java.lang.String) -> b
    84:84:android.widget.TextView getUpdateTextView() -> b
    88:88:android.widget.LinearLayout getLinearLayout() -> c
    92:93:void setTitle(java.lang.String) -> c
    96:96:android.view.View getBrView() -> d
    21:21:com.hb.qx.AlertDialogCallBack access$0(com.hb.qx.AlertDialogContainer) -> a
com.hb.qx.AlertDialogContainer$1 -> com.hb.qx.c:
    com.hb.qx.AlertDialogContainer this$0 -> a
    50:54:void onClick(android.view.View) -> onClick
com.hb.qx.AlertDialogContainer$2 -> com.hb.qx.d:
    com.hb.qx.AlertDialogContainer this$0 -> a
    61:64:void onClick(android.view.View) -> onClick
com.hb.qx.BuildConfig -> com.hb.qx.e:
    boolean DEBUG -> a
com.hb.qx.Config -> com.hb.qx.f:
    java.lang.String PREFERENCE_NAME -> a
    java.lang.String KEY_ENABLE_WECHAT -> b
    java.lang.String KEY_WECHAT_AFTER_OPEN_HONGBAO -> c
    java.lang.String KEY_WECHAT_DELAY_TIME -> d
    int WX_AFTER_OPEN_HONGBAO -> e
    int WX_AFTER_OPEN_SEE -> f
    android.content.SharedPreferences preferences -> g
    25:25:boolean isEnableWechat() -> a
    30:35:int getWechatAfterOpenHongBaoEvent() -> b
    40:45:int getWechatOpenDelayTime() -> c
com.hb.qx.GifMovieView -> com.hb.qx.GifMovieView:
    int DEFAULT_MOVIEW_DURATION -> a
    int mMovieResourceId -> b
    android.graphics.Movie mMovie -> c
    long mMovieStart -> d
    int mCurrentAnimationTime -> e
    float mLeft -> f
    float mTop -> g
    float mScale -> h
    int mMeasuredMovieWidth -> i
    int mMeasuredMovieHeight -> j
    boolean mPaused -> k
    boolean mVisible -> l
    78:93:void setViewAttributes(android.content.Context,android.util.AttributeSet,int) -> a
    96:99:void setMovieResource(int) -> setMovieResource
    102:104:void setMovie(android.graphics.Movie) -> setMovie
    107:107:android.graphics.Movie getMovie() -> getMovie
    111:113:void setMovieTime(int) -> setMovieTime
    116:127:void setPaused(boolean) -> setPaused
    130:130:boolean isPaused() -> a
    136:182:void onMeasure(int,int) -> onMeasure
    186:195:void onLayout(boolean,int,int,int,int) -> onLayout
    199:208:void onDraw(android.graphics.Canvas) -> onDraw
    218:225:void invalidateView() -> b
    231:244:void updateAnimationTime() -> c
    251:257:void drawMovieFrame(android.graphics.Canvas) -> a
    262:265:void onScreenStateChanged(int) -> onScreenStateChanged
    270:273:void onVisibilityChanged(android.view.View,int) -> onVisibilityChanged
    277:280:void onWindowVisibilityChanged(int) -> onWindowVisibilityChanged
com.hb.qx.HbApplication -> com.hb.qx.HbApplication:
    com.hb.qx.HbApplication instance -> a
    int vsercode -> b
    java.lang.String vsername -> c
    android.content.SharedPreferences sp -> d
    com.baidu.location.LocationClient mLocationClient -> f
    android.content.SharedPreferences$Editor editor -> e
    28:50:void onCreate() -> onCreate
    54:54:com.hb.qx.HbApplication getInstance() -> a
    60:63:com.baidu.location.LocationClient getLocationClient() -> b
    67:73:com.baidu.location.LocationClientOption getLocationClientOption() -> d
    78:83:java.lang.String getDate() -> c
...
android.support.v4.view.PagerTitleStrip$PageListener -> android.support.v4.view.PagerTitleStrip$PageListener:
    int mScrollState -> mScrollState
    android.support.v4.view.PagerTitleStrip this$0 -> this$0
    476:481:void onPageScrolled(int,float,int) -> onPageScrolled
    485:492:void onPageSelected(int) -> onPageSelected
    496:497:void onPageScrollStateChanged(int) -> onPageScrollStateChanged
    501:502:void onAdapterChanged(android.support.v4.view.PagerAdapter,android.support.v4.view.PagerAdapter) -> onAdapterChanged
    506:510:void onChanged() -> onChanged
android.support.v4.view.PagerTitleStrip$PagerTitleStripImpl -> android.support.v4.view.PagerTitleStrip$PagerTitleStripImpl:
    void setSingleLineAllCaps(android.widget.TextView) -> setSingleLineAllCaps
android.support.v4.view.PagerTitleStrip$PagerTitleStripImplBase -> android.support.v4.view.PagerTitleStrip$PagerTitleStripImplBase:
    88:89:void setSingleLineAllCaps(android.widget.TextView) -> setSingleLineAllCaps
android.support.v4.view.PagerTitleStrip$PagerTitleStripImplIcs -> android.support.v4.view.PagerTitleStrip$PagerTitleStripImplIcs:
    94:95:void setSingleLineAllCaps(android.widget.TextView) -> setSingleLineAllCaps
android.support.v4.view.PagerTitleStripIcs -> android.support.v4.view.PagerTitleStripIcs:
    28:29:void setSingleLineAllCaps(android.widget.TextView) -> setSingleLineAllCaps
android.support.v4.view.PagerTitleStripIcs$SingleLineAllCapsTransform -> android.support.v4.view.PagerTitleStripIcs$SingleLineAllCapsTransform:
    java.lang.String TAG -> TAG
    java.util.Locale mLocale -> mLocale
    42:43:java.lang.CharSequence getTransformation(java.lang.CharSequence,android.view.View) -> getTransformation
android.support.v4.view.ScaleGestureDetectorCompat -> android.support.v4.view.ScaleGestureDetectorCompat:
    android.support.v4.view.ScaleGestureDetectorCompat$ScaleGestureDetectorImpl IMPL -> IMPL
    75:76:void setQuickScaleEnabled(java.lang.Object,boolean) -> setQuickScaleEnabled
    83:83:boolean isQuickScaleEnabled(java.lang.Object) -> isQuickScaleEnabled
android.support.v4.view.ScaleGestureDetectorCompat$1 -> android.support.v4.view.ScaleGestureDetectorCompat$1:
android.support.v4.view.ScaleGestureDetectorCompat$BaseScaleGestureDetectorImpl -> android.support.v4.view.ScaleGestureDetectorCompat$BaseScaleGestureDetectorImpl:
    37:37:void setQuickScaleEnabled(java.lang.Object,boolean) -> setQuickScaleEnabled
    41:41:boolean isQuickScaleEnabled(java.lang.Object) -> isQuickScaleEnabled
android.support.v4.view.ScaleGestureDetectorCompat$ScaleGestureDetectorCompatKitKatImpl -> android.support.v4.view.ScaleGestureDetectorCompat$ScaleGestureDetectorCompatKitKatImpl:
    48:49:void setQuickScaleEnabled(java.lang.Object,boolean) -> setQuickScaleEnabled
    53:53:boolean isQuickScaleEnabled(java.lang.Object) -> isQuickScaleEnabled
android.support.v4.view.ScaleGestureDetectorCompat$ScaleGestureDetectorImpl -> android.support.v4.view.ScaleGestureDetectorCompat$ScaleGestureDetectorImpl:
    void setQuickScaleEnabled(java.lang.Object,boolean) -> setQuickScaleEnabled
    boolean isQuickScaleEnabled(java.lang.Object) -> isQuickScaleEnabled
android.support.v4.view.ScaleGestureDetectorCompatKitKat -> android.support.v4.view.ScaleGestureDetectorCompatKitKat:
    33:34:void setQuickScaleEnabled(java.lang.Object,boolean) -> setQuickScaleEnabled
    37:37:boolean isQuickScaleEnabled(java.lang.Object) -> isQuickScaleEnabled
android.support.v4.view.VelocityTrackerCompat -> android.support.v4.view.VelocityTrackerCompat:
    android.support.v4.view.VelocityTrackerCompat$VelocityTrackerVersionImpl IMPL -> IMPL
    82:82:float getXVelocity(android.view.VelocityTracker,int) -> getXVelocity
    91:91:float getYVelocity(android.view.VelocityTracker,int) -> getYVelocity